#
# A fatal error has been detected by the Java Runtime Environment:
#
#  EXCEPTION_ACCESS_VIOLATION (0xc0000005) at pc=0x000007fee33ee91a, pid=18572, tid=0x0000000000003ee8
#
# JRE version: Java(TM) SE Runtime Environment (8.0_121-b13) (build 1.8.0_121-b13)
# Java VM: Java HotSpot(TM) 64-Bit Server VM (25.121-b13 mixed mode windows-amd64 compressed oops)
# Problematic frame:
# C  [lwjgl_opengl.dll+0xe91a]
#
# Failed to write core dump. Minidumps are not enabled by default on client versions of Windows
#
# If you would like to submit a bug report, please visit:
#   http://bugreport.java.com/bugreport/crash.jsp
# The crash happened outside the Java Virtual Machine in native code.
# See problematic frame for where to report the bug.
#

---------------  T H R E A D  ---------------

Current thread (0x0000000001de9000):  JavaThread "main" [_thread_in_native, id=16104, stack(0x00000000025a0000,0x00000000026a0000)]

siginfo: ExceptionCode=0xc0000005, reading address 0x0000000000000078

Registers:
RAX=0x0000000054ddfd50, RBX=0x0000000013e83a38, RCX=0x0000000000000000, RDX=0x0000000000000000
RSP=0x000000000269f398, RBP=0x000000000269f408, RSI=0x00000000000001d0, RDI=0x0000000002977e50
R8 =0x0000000000000000, R9 =0x0000000002508550, R10=0x0000000002985c48, R11=0x000000005486b820
R12=0x0000000000000000, R13=0x0000000013e83a30, R14=0x000000000269f428, R15=0x0000000001de9000
RIP=0x000007fee33ee91a, EFLAGS=0x0000000000010206

Top of Stack: (sp=0x000000000269f398)
0x000000000269f398:   0000000002985c74 0000000001de9000
0x000000000269f3a8:   0000000013e83a38 00000000000001d0
0x000000000269f3b8:   0000000001de9000 00000000029859a2
0x000000000269f3c8:   000000000269f3c8 0000000013e83a30
0x000000000269f3d8:   000000000269f428 0000000013eae3f0
0x000000000269f3e8:   0000000000000000 0000000013e83a38
0x000000000269f3f8:   0000000000000000 000000000269f428
0x000000000269f408:   000000000269f470 0000000002978331
0x000000000269f418:   00000000f3193980 00000000029819b8
0x000000000269f428:   0000000000000000 000000000269f430
0x000000000269f438:   0000000013e74003 000000000269f4a0
0x000000000269f448:   0000000013e748a8 0000000000000000
0x000000000269f458:   0000000013e74788 000000000269f428
0x000000000269f468:   000000000269f490 000000000269f4e8
0x000000000269f478:   0000000002978331 0000000000000000
0x000000000269f488:   000000003dcccccd 000000003e99999a 

Instructions: (pc=0x000007fee33ee91a)
0x000007fee33ee8fa:   ff e0 cc cc cc cc 48 8b 01 41 8b c8 48 8b 50 18
0x000007fee33ee90a:   48 ff 62 60 cc cc 48 8b 01 41 8b c8 48 8b 50 18
0x000007fee33ee91a:   48 ff 62 78 cc cc 48 8b 01 41 8b d1 41 8b c8 4c
0x000007fee33ee92a:   8b 50 18 49 ff a2 c0 01 00 00 cc cc cc cc cc cc 


Register to memory mapping:

RAX=0x0000000054ddfd50 is an unknown value
RBX={method} {0x0000000013e83a40} 'glBegin' '(I)V' in 'org/lwjgl/opengl/GL11'
RCX=0x0000000000000000 is an unknown value
RDX=0x0000000000000000 is an unknown value
RSP=0x000000000269f398 is pointing into the stack for thread: 0x0000000001de9000
RBP=0x000000000269f408 is pointing into the stack for thread: 0x0000000001de9000
RSI=0x00000000000001d0 is an unknown value
RDI=0x0000000002977e50 is at code_begin+1040 in an Interpreter codelet
invoke return entry points  [0x0000000002977a40, 0x0000000002978420]  2528 bytes
R8 =0x0000000000000000 is an unknown value
R9 =0x0000000002508550 is an unknown value
R10=0x0000000002985c48 is at code_begin+840 in an Interpreter codelet
method entry point (kind = native)  [0x0000000002985900, 0x0000000002986260]  2400 bytes
R11=0x000000005486b820 is an unknown value
R12=0x0000000000000000 is an unknown value
R13=0x0000000013e83a30 is pointing into metadata
R14=0x000000000269f428 is pointing into the stack for thread: 0x0000000001de9000
R15=0x0000000001de9000 is a thread


Stack: [0x00000000025a0000,0x00000000026a0000],  sp=0x000000000269f398,  free space=1020k
Native frames: (J=compiled Java code, j=interpreted, Vv=VM code, C=native code)
C  [lwjgl_opengl.dll+0xe91a]

Java frames: (J=compiled Java code, j=interpreted, Vv=VM code)
j  org.lwjgl.opengl.GL11.glBegin(I)V+0
j  elements.renderString.drawString(IFF)V+3
j  elements.Screen.init()V+99
j  elements.Screen.run()V+33
j  pong.Pong.main([Ljava/lang/String;)V+9
v  ~StubRoutines::call_stub

---------------  P R O C E S S  ---------------

Java Threads: ( => current thread )
  0x0000000015d4e800 JavaThread "Service Thread" daemon [_thread_blocked, id=16512, stack(0x00000000163e0000,0x00000000164e0000)]
  0x0000000015cc5800 JavaThread "C1 CompilerThread2" daemon [_thread_blocked, id=16964, stack(0x0000000016290000,0x0000000016390000)]
  0x0000000015cc0800 JavaThread "C2 CompilerThread1" daemon [_thread_blocked, id=19224, stack(0x00000000160e0000,0x00000000161e0000)]
  0x0000000014305000 JavaThread "C2 CompilerThread0" daemon [_thread_blocked, id=19260, stack(0x0000000015bc0000,0x0000000015cc0000)]
  0x0000000014300800 JavaThread "Attach Listener" daemon [_thread_blocked, id=18736, stack(0x00000000158b0000,0x00000000159b0000)]
  0x000000001430f000 JavaThread "Signal Dispatcher" daemon [_thread_blocked, id=15356, stack(0x00000000159f0000,0x0000000015af0000)]
  0x00000000142eb000 JavaThread "Finalizer" daemon [_thread_blocked, id=19136, stack(0x0000000015760000,0x0000000015860000)]
  0x00000000142a4000 JavaThread "Reference Handler" daemon [_thread_blocked, id=18316, stack(0x0000000015660000,0x0000000015760000)]
=>0x0000000001de9000 JavaThread "main" [_thread_in_native, id=16104, stack(0x00000000025a0000,0x00000000026a0000)]

Other Threads:
  0x000000001429c000 VMThread [stack: 0x00000000154e0000,0x00000000155e0000] [id=18420]
  0x0000000015d56000 WatcherThread [stack: 0x00000000165a0000,0x00000000166a0000] [id=18132]

VM state:not at safepoint (normal execution)

VM Mutex/Monitor currently owned by a thread: None

Heap:
 PSYoungGen      total 26112K, used 7383K [0x00000000f2b00000, 0x00000000f4800000, 0x0000000100000000)
  eden space 22528K, 32% used [0x00000000f2b00000,0x00000000f3235c10,0x00000000f4100000)
  from space 3584K, 0% used [0x00000000f4480000,0x00000000f4480000,0x00000000f4800000)
  to   space 3584K, 0% used [0x00000000f4100000,0x00000000f4100000,0x00000000f4480000)
 ParOldGen       total 60416K, used 0K [0x00000000d8000000, 0x00000000dbb00000, 0x00000000f2b00000)
  object space 60416K, 0% used [0x00000000d8000000,0x00000000d8000000,0x00000000dbb00000)
 Metaspace       used 6350K, capacity 6640K, committed 6784K, reserved 1056768K
  class space    used 676K, capacity 772K, committed 896K, reserved 1048576K

Card table byte_map: [0x0000000002350000,0x00000000024a0000] byte_map_base: 0x0000000001c90000

Marking Bits: (ParMarkBitMap*) 0x0000000054e5b6d0
 Begin Bits: [0x0000000012510000, 0x0000000012f10000)
 End Bits:   [0x0000000012f10000, 0x0000000013910000)

Polling page: 0x0000000000340000

CodeCache: size=245760Kb used=2242Kb max_used=2242Kb free=243517Kb
 bounds [0x0000000002970000, 0x0000000002be0000, 0x0000000011970000]
 total_blobs=1203 nmethods=476 adapters=641
 compilation: enabled

Compilation events (10 events):
Event: 1.107 Thread 0x0000000015cc5800  472       3       java.lang.Character::codePointAt (51 bytes)
Event: 1.107 Thread 0x0000000015cc5800 nmethod 472 0x0000000002b9ef50 code [0x0000000002b9f100, 0x0000000002b9f788]
Event: 1.107 Thread 0x0000000015cc5800  473       3       java.util.regex.Pattern$Node::match (27 bytes)
Event: 1.108 Thread 0x0000000015cc5800 nmethod 473 0x0000000002b9f950 code [0x0000000002b9fac0, 0x0000000002b9fc70]
Event: 1.110 Thread 0x0000000015cc5800  474       3       java.lang.String::concat (47 bytes)
Event: 1.110 Thread 0x0000000015cc5800 nmethod 474 0x0000000002b9fd90 code [0x0000000002b9ff60, 0x0000000002ba06f8]
Event: 1.110 Thread 0x0000000015cc5800  475       3       java.lang.String::getChars (16 bytes)
Event: 1.110 Thread 0x0000000015cc5800 nmethod 475 0x0000000002ba0a90 code [0x0000000002ba0c00, 0x0000000002ba0e08]
Event: 1.110 Thread 0x0000000015cc5800  476       3       java.io.InputStream::<init> (5 bytes)
Event: 1.111 Thread 0x0000000015cc5800 nmethod 476 0x0000000002ba0ed0 code [0x0000000002ba1040, 0x0000000002ba11f0]

GC Heap History (0 events):
No events

Deoptimization events (1 events):
Event: 0.192 Thread 0x0000000001de9000 Uncommon trap: reason=unstable_if action=reinterpret pc=0x0000000002a964a8 method=java.lang.String.hashCode()I @ 14

Internal exceptions (10 events):
Event: 0.056 Thread 0x0000000001de9000 Exception <a 'java/lang/NoSuchMethodError': Method sun.misc.Unsafe.prefetchRead(Ljava/lang/Object;J)V name or signature does not match> (0x00000000f2b07f90) thrown at [C:\re\workspace\8-2-build-windows-amd64-cygwin\jdk8u121\8372\hotspot\src\share\vm\prims
Event: 0.285 Thread 0x0000000001de9000 Exception <a 'java/lang/NoSuchMethodError': java.lang.Object.lambda$static$0(Ljava/lang/String;)Ljava/lang/Boolean;> (0x00000000f2db3518) thrown at [C:\re\workspace\8-2-build-windows-amd64-cygwin\jdk8u121\8372\hotspot\src\share\vm\interpreter\linkResolver
Event: 0.313 Thread 0x0000000001de9000 Exception <a 'java/lang/NoSuchFieldError': method resolution failed> (0x00000000f2e2b638) thrown at [C:\re\workspace\8-2-build-windows-amd64-cygwin\jdk8u121\8372\hotspot\src\share\vm\prims\methodHandles.cpp, line 1146]
Event: 0.317 Thread 0x0000000001de9000 Exception <a 'java/lang/NoSuchFieldError': method resolution failed> (0x00000000f2e389b8) thrown at [C:\re\workspace\8-2-build-windows-amd64-cygwin\jdk8u121\8372\hotspot\src\share\vm\prims\methodHandles.cpp, line 1146]
Event: 0.360 Thread 0x0000000001de9000 Exception <a 'java/security/PrivilegedActionException'> (0x00000000f2ecb618) thrown at [C:\re\workspace\8-2-build-windows-amd64-cygwin\jdk8u121\8372\hotspot\src\share\vm\prims\jvm.cpp, line 1390]
Event: 0.360 Thread 0x0000000001de9000 Exception <a 'java/security/PrivilegedActionException'> (0x00000000f2ecb828) thrown at [C:\re\workspace\8-2-build-windows-amd64-cygwin\jdk8u121\8372\hotspot\src\share\vm\prims\jvm.cpp, line 1390]
Event: 0.361 Thread 0x0000000001de9000 Exception <a 'java/security/PrivilegedActionException'> (0x00000000f2ecf738) thrown at [C:\re\workspace\8-2-build-windows-amd64-cygwin\jdk8u121\8372\hotspot\src\share\vm\prims\jvm.cpp, line 1390]
Event: 0.361 Thread 0x0000000001de9000 Exception <a 'java/security/PrivilegedActionException'> (0x00000000f2ecf948) thrown at [C:\re\workspace\8-2-build-windows-amd64-cygwin\jdk8u121\8372\hotspot\src\share\vm\prims\jvm.cpp, line 1390]
Event: 1.108 Thread 0x0000000001de9000 Exception <a 'sun/nio/fs/WindowsException'> (0x00000000f31e8f28) thrown at [C:\re\workspace\8-2-build-windows-amd64-cygwin\jdk8u121\8372\hotspot\src\share\vm\prims\jni.cpp, line 709]
Event: 1.109 Thread 0x0000000001de9000 Exception <a 'sun/nio/fs/WindowsException'> (0x00000000f31e9758) thrown at [C:\re\workspace\8-2-build-windows-amd64-cygwin\jdk8u121\8372\hotspot\src\share\vm\prims\jni.cpp, line 709]

Events (10 events):
Event: 1.109 loading class java/nio/file/NoSuchFileException
Event: 1.109 loading class java/nio/file/FileSystemException
Event: 1.109 loading class java/nio/file/FileSystemException done
Event: 1.109 loading class java/nio/file/NoSuchFileException done
Event: 1.109 loading class org/lwjgl/opengl/GL$1
Event: 1.109 loading class org/lwjgl/opengl/GL$1 done
Event: 1.110 loading class org/lwjgl/opengl/GL$SharedLibraryGL
Event: 1.110 loading class org/lwjgl/opengl/GL$SharedLibraryGL done
Event: 1.111 loading class org/lwjgl/system/SharedLibrary$Delegate
Event: 1.111 loading class org/lwjgl/system/SharedLibrary$Delegate done


Dynamic libraries:
0x000000013f280000 - 0x000000013f2b7000 	C:\Program Files\Java\jdk1.8.0_121\bin\java.exe
0x00000000770e0000 - 0x000000007727f000 	C:\Windows\SYSTEM32\ntdll.dll
0x0000000076fc0000 - 0x00000000770df000 	C:\Windows\system32\kernel32.dll
0x000007fefce70000 - 0x000007fefceda000 	C:\Windows\system32\KERNELBASE.dll
0x000007fefe300000 - 0x000007fefe3db000 	C:\Windows\system32\ADVAPI32.dll
0x000007fefec80000 - 0x000007fefed1f000 	C:\Windows\system32\msvcrt.dll
0x000007fefeb90000 - 0x000007fefebaf000 	C:\Windows\SYSTEM32\sechost.dll
0x000007fefee00000 - 0x000007fefef2d000 	C:\Windows\system32\RPCRT4.dll
0x0000000076ec0000 - 0x0000000076fba000 	C:\Windows\system32\USER32.dll
0x000007fefebb0000 - 0x000007fefec17000 	C:\Windows\system32\GDI32.dll
0x000007feff110000 - 0x000007feff11e000 	C:\Windows\system32\LPK.dll
0x000007fefdf80000 - 0x000007fefe04b000 	C:\Windows\system32\USP10.dll
0x000007fefbd10000 - 0x000007fefbf04000 	C:\Windows\WinSxS\amd64_microsoft.windows.common-controls_6595b64144ccf1df_6.0.7601.18837_none_fa3b1e3d17594757\COMCTL32.dll
0x000007fefe0a0000 - 0x000007fefe111000 	C:\Windows\system32\SHLWAPI.dll
0x000007fefe120000 - 0x000007fefe14e000 	C:\Windows\system32\IMM32.DLL
0x000007fefe1f0000 - 0x000007fefe2f9000 	C:\Windows\system32\MSCTF.dll
0x000007fefcac0000 - 0x000007fefcba6000 	C:\Windows\system32\guard64.dll
0x000007fefca80000 - 0x000007fefca83000 	C:\Windows\system32\api-ms-win-core-synch-l1-2-0.DLL
0x000007fefca70000 - 0x000007fefca7c000 	C:\Windows\system32\version.dll
0x000007feff120000 - 0x000007feff31d000 	C:\Windows\system32\ole32.dll
0x000007fefca60000 - 0x000007fefca69000 	C:\Windows\system32\fltlib.dll
0x000000005d0e0000 - 0x000000005d1b2000 	C:\Program Files\Java\jdk1.8.0_121\jre\bin\msvcr100.dll
0x0000000054640000 - 0x0000000054edb000 	C:\Program Files\Java\jdk1.8.0_121\jre\bin\server\jvm.dll
0x000007fef27d0000 - 0x000007fef27d9000 	C:\Windows\system32\WSOCK32.dll
0x000007fefe050000 - 0x000007fefe09d000 	C:\Windows\system32\WS2_32.dll
0x000007feff320000 - 0x000007feff328000 	C:\Windows\system32\NSI.dll
0x000007fefb840000 - 0x000007fefb87b000 	C:\Windows\system32\WINMM.dll
0x0000000077280000 - 0x0000000077287000 	C:\Windows\system32\PSAPI.DLL
0x00000000715c0000 - 0x00000000715cf000 	C:\Program Files\Java\jdk1.8.0_121\jre\bin\verify.dll
0x00000000704e0000 - 0x0000000070509000 	C:\Program Files\Java\jdk1.8.0_121\jre\bin\java.dll
0x00000000704c0000 - 0x00000000704d6000 	C:\Program Files\Java\jdk1.8.0_121\jre\bin\zip.dll
0x000007fefd1f0000 - 0x000007fefdf7b000 	C:\Windows\system32\SHELL32.dll
0x000007fefcdb0000 - 0x000007fefcdbf000 	C:\Windows\system32\profapi.dll
0x00000000704a0000 - 0x00000000704ba000 	C:\Program Files\Java\jdk1.8.0_121\jre\bin\net.dll
0x000007fefc450000 - 0x000007fefc4a5000 	C:\Windows\system32\mswsock.dll
0x000007fefc440000 - 0x000007fefc447000 	C:\Windows\System32\wship6.dll
0x0000000070480000 - 0x0000000070491000 	C:\Program Files\Java\jdk1.8.0_121\jre\bin\nio.dll
0x000007fee6b90000 - 0x000007fee6beb000 	C:\Users\Guilherme\AppData\Local\Temp\lwjglGuilherme\3.1.6-build-14\lwjgl.dll
0x000007fef1b80000 - 0x000007fef1bd1000 	C:\Users\GUILHE~1\AppData\Local\Temp\lwjglGuilherme\3.1.6-build-14\glfw.dll
0x000007fefaea0000 - 0x000007fefaef6000 	C:\Windows\system32\uxtheme.dll
0x000007fef1db0000 - 0x000007fef1dec000 	C:\Windows\system32\dinput8.dll
0x0000000001ef0000 - 0x0000000001f0e000 	C:\Windows\system32\xinput1_3.dll
0x000007fefef30000 - 0x000007feff107000 	C:\Windows\system32\SETUPAPI.dll
0x000007fefd130000 - 0x000007fefd166000 	C:\Windows\system32\CFGMGR32.dll
0x000007fefed20000 - 0x000007fefedfa000 	C:\Windows\system32\OLEAUT32.dll
0x000007fefcf10000 - 0x000007fefcf2a000 	C:\Windows\system32\DEVOBJ.dll
0x000007fefab30000 - 0x000007fefab48000 	C:\Windows\system32\dwmapi.dll
0x000007fefaa90000 - 0x000007fefaa9b000 	C:\Windows\system32\HID.DLL
0x000007fefcf80000 - 0x000007fefcfbb000 	C:\Windows\system32\WINTRUST.dll
0x000007fefcfc0000 - 0x000007fefd12d000 	C:\Windows\system32\CRYPT32.dll
0x000007fefcdc0000 - 0x000007fefcdcf000 	C:\Windows\system32\MSASN1.dll
0x000007fee6bf0000 - 0x000007fee6d0d000 	C:\Windows\system32\opengl32.dll
0x000007fef33f0000 - 0x000007fef341d000 	C:\Windows\system32\GLU32.dll
0x000007fef1c10000 - 0x000007fef1d01000 	C:\Windows\system32\DDRAW.dll
0x000007fef6020000 - 0x000007fef6028000 	C:\Windows\system32\DCIMAN32.dll
0x000007fef3980000 - 0x000007fef3998000 	C:\Windows\system32\atig6pxx.dll
0x000007fee0b70000 - 0x000007fee0cb1000 	C:\Windows\system32\atiadlxx.dll
0x000007fefaf00000 - 0x000007fefb02c000 	C:\Windows\system32\PROPSYS.dll
0x000007fefcf40000 - 0x000007fefcf5e000 	C:\Windows\system32\USERENV.dll
0x000007fefc020000 - 0x000007fefc031000 	C:\Windows\system32\WTSAPI32.dll
0x000007fefb9c0000 - 0x000007fefb9e7000 	C:\Windows\system32\IPHLPAPI.DLL
0x000007fefb9b0000 - 0x000007fefb9bb000 	C:\Windows\system32\WINNSI.DLL
0x0000000050c00000 - 0x00000000529fd000 	C:\Windows\system32\atio6axx.dll
0x000007fef1be0000 - 0x000007fef1c0c000 	C:\Windows\system32\atig6txx.dll
0x000007fee33e0000 - 0x000007fee343f000 	C:\Users\Guilherme\AppData\Local\Temp\lwjglGuilherme\3.1.6-build-14\lwjgl_opengl.dll
0x000007fefb880000 - 0x000007fefb9a5000 	C:\Windows\system32\dbghelp.dll

VM Arguments:
jvm_args: -Dfile.encoding=UTF-8 -Djava.library.path=lib/lwjgl-release-3.1.6 -Xmx640m 
java_command: pong.Pong
java_class_path (initial): C:\Users\Guilherme\Desktop\Repos\Pong\Pongzera\lwjgl-release-3.1.6\lwjgl-assimp-natives-windows.jar;C:\Users\Guilherme\Desktop\Repos\Pong\Pongzera\lwjgl-release-3.1.6\lwjgl-assimp.jar;C:\Users\Guilherme\Desktop\Repos\Pong\Pongzera\lwjgl-release-3.1.6\lwjgl-bgfx-natives-windows.jar;C:\Users\Guilherme\Desktop\Repos\Pong\Pongzera\lwjgl-release-3.1.6\lwjgl-bgfx.jar;C:\Users\Guilherme\Desktop\Repos\Pong\Pongzera\lwjgl-release-3.1.6\lwjgl-glfw-natives-windows.jar;C:\Users\Guilherme\Desktop\Repos\Pong\Pongzera\lwjgl-release-3.1.6\lwjgl-glfw.jar;C:\Users\Guilherme\Desktop\Repos\Pong\Pongzera\lwjgl-release-3.1.6\lwjgl-nanovg-natives-windows.jar;C:\Users\Guilherme\Desktop\Repos\Pong\Pongzera\lwjgl-release-3.1.6\lwjgl-nanovg.jar;C:\Users\Guilherme\Desktop\Repos\Pong\Pongzera\lwjgl-release-3.1.6\lwjgl-natives-windows.jar;C:\Users\Guilherme\Desktop\Repos\Pong\Pongzera\lwjgl-release-3.1.6\lwjgl-nuklear-natives-windows.jar;C:\Users\Guilherme\Desktop\Repos\Pong\Pongzera\lwjgl-release-3.1.6\lwjgl-nuklear.jar;C:\Users\Guilherme\Desktop\Repos\Pong\Pongzera\lwjgl-release-3.1.6\lwjgl-openal-natives-windows.jar;C:\Users\Guilherme\Desktop\Repos\Pong\Pongzera\lwjgl-release-3.1.6\lwjgl-openal.jar;C:\Users\Guilherme\Desktop\Repos\Pong\Pongzera\lwjgl-release-3.1.6\lwjgl-opengl-natives-windows.jar;C:\Users\Guilherme\Desktop\Repos\Pong\Pongzera\lwjgl-release-3.1.6\lwjgl-opengl.jar;C:\Users\Guilherme\Desktop\Repos\Pong\Pongzera\lwjgl-release-3.1.6\lwjgl-par-natives-windows.jar;C:\Users\Guilherme\Desktop\Repos\Pong\Pongzera\lwjgl-release-3.1.6\lwjgl-par.jar;C:\Users\Guilherme\Desktop\Repos\Pong\Pongzera\lwjgl-release-3.1.6\lwjgl-stb-natives-windows.jar;C:\Users\Guilherme\Desktop\Repos\Pong\Pongzera\lwjgl-release-3.1.6\lwjgl-stb.jar;C:\Users\Guilherme\Desktop\Repos\Pong\Pongzera\lwjgl-release-3.1.6\lwjgl-vulkan.jar;C:\Users\Guilherme\Desktop\Repos\Pong\Pongzera\lwjgl-release-3.1.6\lwjgl.jar;C:\Users\Guilherme\Desktop\Repos\Pong\Pongzera\Pong\build\classes
Launcher Type: SUN_STANDARD

Environment Variables:
_JAVA_OPTIONS=-Xmx640m
PATH=C:\ProgramData\Oracle\Java\javapath;C:\Program Files (x86)\NVIDIA Corporation\PhysX\Common;C:\PROGRAM FILES (X86)\AMD APP\BIN\X86_64;C:\PROGRAM FILES (X86)\AMD APP\BIN\X86;C:\PROGRAM FILES (X86)\HP SIMPLEPASS 2012\;C:\PROGRAM FILES\BROADCOM\BROADCOM 802.11\DRIVER;C:\PROGRAM FILES\COMMON FILES\MICROSOFT SHARED\WINDOWS LIVE;C:\PROGRAM FILES (X86)\COMMON FILES\MICROSOFT SHARED\WINDOWS LIVE;C:\Windows\SYSTEM32;C:\Windows;C:\Windows\SYSTEM32\WBEM;C:\Windows\SYSTEM32\WINDOWSPOWERSHELL\V1.0\;C:\PROGRAM FILES (X86)\WINDOWS LIVE\SHARED;C:\PROGRAM FILES (X86)\ATI TECHNOLOGIES\ATI.ACE\CORE-STATIC;C:\PROGRAM FILES\WIDCOMM\BLUETOOTH SOFTWARE\;C:\PROGRAM FILES\WIDCOMM\BLUETOOTH SOFTWARE\SYSWOW64;C:\PROGRAM FILES\BROADCOM\WHL\;C:\PROGRAM FILES\BROADCOM\WHL\SYSWOW64;C:\PROGRAM FILES\BROADCOM\WHL\SYSWOW64\;C:\PROGRAM FILES\BROADCOM\WHL\SYSWOW64\SYSWOW64;C:\PROGRAM FILES\MICROSOFT\WEB PLATFORM INSTALLER\;C:\PROGRAM FILES (X86)\MICROSOFT ASP.NET\ASP.NET WEB PAGES\V1.0\;C:\PROGRAM FILES\MICROSOFT SQL SERVER\110\TOOLS\BINN\;C:\Program Files (x86)\AMD\ATI.ACE\Core-Static;C:\Program Files (x86)\Skype\Phone\;C:\Program Files (x86)\GtkSharp\2.12\bin;C:\Program Files\Git\cmd
USERNAME=Guilherme
OS=Windows_NT
PROCESSOR_IDENTIFIER=AMD64 Family 18 Model 1 Stepping 0, AuthenticAMD



---------------  S Y S T E M  ---------------

OS: Windows 7 , 64 bit Build 7601 (6.1.7601.24150)

CPU:total 4 (4 cores per cpu, 1 threads per core) family 18 model 1 stepping 0, cmov, cx8, fxsr, mmx, sse, sse2, sse3, popcnt, mmxext, 3dnowpref, lzcnt, sse4a, tsc, tscinvbit, tscinv

Memory: 4k page, physical 5744544k(853432k free), swap 11487212k(4799372k free)

vm_info: Java HotSpot(TM) 64-Bit Server VM (25.121-b13) for windows-amd64 JRE (1.8.0_121-b13), built on Dec 12 2016 18:21:36 by "java_re" with MS VC++ 10.0 (VS2010)

time: Thu Jun 28 00:02:54 2018
elapsed time: 1 seconds (0d 0h 0m 1s)

